Base path: 'C:/Program Files/Unity/2020.1.4f1/Editor/Data', plugins path 'C:/Program Files/Unity/2020.1.4f1/Editor/Data/PlaybackEngines'
Cmd: initializeCompiler
Cmd: compileSnippet
  api=4 type=1 insize=1602 outsize=4662 kw=DIRECTIONAL SHADOWS_SCREEN LIGHTPROBE_SH _ALPHATEST_ON _SPECULARHIGHLIGHTS_OFF _GLOSSYREFLECTIONS_OFF pd=UNITY_ENABLE_REFLECTION_BUFFERS UNITY_USE_DITHER_MASK_FOR_ALPHABLENDED_SHADOWS UNITY_PBS_USE_BRDF1 UNITY_SPECCUBE_BOX_PROJECTION UNITY_SPECCUBE_BLENDING UNITY_ENABLE_DETAIL_NORMALMAP SHADER_API_DESKTOP UNITY_COLORSPACE_GAMMA UNITY_LIGHT_PROBE_PROXY_VOLUME UNITY_LIGHTMAP_FULL_HDR UNITY_PASS_FORWARDBASE dkw=_EMISSION FOG_LINEAR FOG_EXP FOG_EXP2 INSTANCING_ON _NORMALMAP _ALPHABLEND_ON _ALPHAPREMULTIPLY_ON _METALLICGLOSSMAP _DETAIL_MULX2 _SMOOTHNESS_TEXTURE_ALBEDO_CHANNEL_A _PARALLAXMAP SHADOWS_SHADOWMASK DYNAMICLIGHTMAP_ON LIGHTMAP_ON LIGHTMAP_SHADOW_MIXING DIRLIGHTMAP_COMBINED UNITY_NO_DXT5nm UNITY_ENABLE_NATIVE_SHADOW_LOOKUPS UNITY_METAL_SHADOWS_USE_POINT_FILTERING UNITY_NO_SCREENSPACE_SHADOWS UNITY_PBS_USE_BRDF2 UNITY_PBS_USE_BRDF3 UNITY_NO_FULL_STANDARD_SHADER UNITY_HARDWARE_TIER1 UNITY_HARDWARE_TIER2 UNITY_HARDWARE_TIER3 UNITY_HALF_PRECISION_FRAGMENT_SHADER_REGISTERS UNITY_LIGHTMAP_DLDR_ENCODING UNITY_LIGHTMAP_RGBM_ENCODING UNITY_VIRTUAL_TEXTURING ok=1
Cmd: initializeCompiler
Cmd: compileComputeKernel
  api=4 insize=18301 outsize=3067 ok=1
Cmd: compileComputeKernel
  api=4 insize=12109 outsize=1202 ok=1
Cmd: compileComputeKernel
  api=4 insize=72903 outsize=7892 ok=1
Cmd: compileComputeKernel
  api=4 insize=34089 outsize=633 ok=1
Cmd: compileComputeKernel
  api=4 insize=66874 outsize=2481 ok=1
Cmd: compileComputeKernel
  api=4 insize=66874 outsize=1594 ok=1
Cmd: compileComputeKernel
  api=4 insize=66874 outsize=1398 ok=1
Cmd: compileComputeKernel
  api=4 insize=66874 outsize=2002 ok=1
Cmd: compileComputeKernel
  api=4 insize=66874 outsize=1860 ok=1
Cmd: compileComputeKernel
  api=4 insize=66874 outsize=1823 ok=1
Cmd: compileComputeKernel
  api=4 insize=66874 outsize=1368 ok=1
Cmd: compileComputeKernel
  api=4 insize=66874 outsize=1551 ok=1
Cmd: compileComputeKernel
  api=4 insize=66874 outsize=1524 ok=1
Cmd: compileComputeKernel
  api=4 insize=66874 outsize=1289 ok=1
Cmd: compileComputeKernel
  api=4 insize=66874 outsize=3275 ok=1
Cmd: compileComputeKernel
  api=4 insize=66874 outsize=2045 ok=1
Cmd: compileComputeKernel
  api=4 insize=66874 outsize=1638 ok=1
Cmd: compileComputeKernel
  api=4 insize=66874 outsize=2799 ok=1
Cmd: compileComputeKernel
  api=4 insize=79248 outsize=5363 ok=1
Cmd: compileComputeKernel
  api=4 insize=79248 outsize=3088 ok=1
Cmd: compileComputeKernel
  api=4 insize=79248 outsize=24894 ok=1
